[01:15:17] [modloading-worker-0/INFO] ========================================
[01:15:17] [modloading-worker-0/INFO] Minecraft: 1.19.2
[01:15:17] [modloading-worker-0/INFO] Side: server
[01:15:17] [modloading-worker-0/INFO] Development: false
[01:15:17] [modloading-worker-0/INFO] Version: 9.2.784
[01:15:17] [modloading-worker-0/INFO] Loader:
[01:15:17] [modloading-worker-0/INFO] - Forge: 43.4.2
[01:15:17] [modloading-worker-0/INFO] Dependencies:
[01:15:17] [modloading-worker-0/INFO] - Cloth Config: 8.3.134
[01:15:17] [modloading-worker-0/INFO] - Architectury: 6.6.92
[01:15:17] [modloading-worker-0/INFO] Mixin: 0.8.5
[01:15:17] [modloading-worker-0/INFO] OS: Linux 6.5.0-1025-azure (amd64)
[01:15:17] [modloading-worker-0/INFO] Java: 21.0.4 (Microsoft)
[01:15:17] [modloading-worker-0/INFO] ========================================
[01:15:17] [modloading-worker-0/INFO] Mods:
[01:15:17] [modloading-worker-0/INFO] - additionalguns: 0.8.2
[01:15:17] [modloading-worker-0/INFO] - ags_day_counter: 3.4
[01:15:17] [modloading-worker-0/INFO] - ags_hud_texts: 1.0
[01:15:17] [modloading-worker-0/INFO] - alexsmobs: 1.21.1
[01:15:17] [modloading-worker-0/INFO] - alternate_current: 1.7.0
[01:15:17] [modloading-worker-0/INFO] - ambientsounds: 5.3.9
[01:15:17] [modloading-worker-0/INFO] - apexguns: 0.0.1
[01:15:17] [modloading-worker-0/INFO] - architectury: 6.6.92
[01:15:17] [modloading-worker-0/INFO] - atlaslib: 1.1.5a
[01:15:17] [modloading-worker-0/INFO] - badmobs: 16.1.3
[01:15:17] [modloading-worker-0/INFO] - bakery: 1.0.6
[01:15:17] [modloading-worker-0/INFO] - beefix: 1.0.7
[01:15:17] [modloading-worker-0/INFO] - better_zombie_drops: 1.0.0
[01:15:17] [modloading-worker-0/INFO] - betteradvancements: 0.2.2.142
[01:15:17] [modloading-worker-0/INFO] - betteranimalsplus: 1.19.2-11.0.10
[01:15:17] [modloading-worker-0/INFO] - bettermineshafts: 1.19.2-Forge-3.2.1
[01:15:17] [modloading-worker-0/INFO] - betterstrongholds: 1.19.2-Forge-3.2.0
[01:15:17] [modloading-worker-0/INFO] - blood_and_gore: 1.0.0
[01:15:17] [modloading-worker-0/INFO] - bocchium: 1.19.2-0.0.3
[01:15:17] [modloading-worker-0/INFO] - cgm: 1.3.7
[01:15:17] [modloading-worker-0/INFO] - citadel: 2.1.4
[01:15:17] [modloading-worker-0/INFO] - cloth_config: 8.3.134
[01:15:17] [modloading-worker-0/INFO] - cold_sweat: 2.3.6
[01:15:17] [modloading-worker-0/INFO] - collective: 7.64
[01:15:17] [modloading-worker-0/INFO] - corgilib: 1.0.0.34
[01:15:17] [modloading-worker-0/INFO] - coroutil: 1.19.2-1.3.6
[01:15:17] [modloading-worker-0/INFO] - creativecore: 2.11.28
[01:15:17] [modloading-worker-0/INFO] - culllessleaves: 1.0.5
[01:15:17] [modloading-worker-0/INFO] - cupboard: 1.19.2-2.6
[01:15:17] [modloading-worker-0/INFO] - darkerdepths: 1.19-1.0.7
[01:15:17] [modloading-worker-0/INFO] - decorative_blocks: 3.0.0
[01:15:17] [modloading-worker-0/INFO] - deeperdarker: 1.2.2
[01:15:17] [modloading-worker-0/INFO] - doapi: 1.1.0b
[01:15:17] [modloading-worker-0/INFO] - dungeons_arise: 2.1.56-1.19.2
[01:15:17] [modloading-worker-0/INFO] - dungeons_enhanced: 4.1
[01:15:17] [modloading-worker-0/INFO] - dustydecorations: 1.19.2-1.1
[01:15:17] [modloading-worker-0/INFO] - dynamictrees: 1.19.2-1.2.2
[01:15:17] [modloading-worker-0/INFO] - embeddium: 0.3.18.1+mc1.19.2
[01:15:17] [modloading-worker-0/INFO] - embeddiumplus: 1.2.13
[01:15:17] [modloading-worker-0/INFO] - enhancedai: 1.8.7
[01:15:17] [modloading-worker-0/INFO] - enhancedvisuals: 1.5.11
[01:15:17] [modloading-worker-0/INFO] - entitycollisionfpsfix: 2.0.0.0
[01:15:17] [modloading-worker-0/INFO] - explorify: 1.6.2
[01:15:17] [modloading-worker-0/INFO] - fallingtree: 3.10.1
[01:15:17] [modloading-worker-0/INFO] - farmersdelight: 1.19.2-1.2.4
[01:15:17] [modloading-worker-0/INFO] - farsightedmobs: 1.1
[01:15:17] [modloading-worker-0/INFO] - fastload: 3.4.0
[01:15:17] [modloading-worker-0/INFO] - fastsuite: 4.1.1
[01:15:17] [modloading-worker-0/INFO] - ferritecore: 5.0.3
[01:15:17] [modloading-worker-0/INFO] - forge: 43.4.2
[01:15:17] [modloading-worker-0/INFO] - framework: 0.7.12
[01:15:17] [modloading-worker-0/INFO] - geckolib3: 3.1.40
[01:15:17] [modloading-worker-0/INFO] - golems: 19.2.6
[01:15:17] [modloading-worker-0/INFO] - graveyard: 2.5.3
[01:15:17] [modloading-worker-0/INFO] - guardvillagers: 1.19.2-1.5.9
[01:15:17] [modloading-worker-0/INFO] - hordes: 1.5.4
[01:15:17] [modloading-worker-0/INFO] - humancompanions: 1.19.2-1.7.4
[01:15:17] [modloading-worker-0/INFO] - immediatelyfast: 1.3.0+1.19.2
[01:15:17] [modloading-worker-0/INFO] - immersive_armors: 1.5.6+1.19.2
[01:15:17] [modloading-worker-0/INFO] - improvedmobs: 1.19-1.11.0
[01:15:17] [modloading-worker-0/INFO] - incontrol: 1.19-7.1.18
[01:15:17] [modloading-worker-0/INFO] - insanelib: 1.7.5
[01:15:17] [modloading-worker-0/INFO] - ironchest: 1.19.2-14.2.7
[01:15:17] [modloading-worker-0/INFO] - jade: 8.9.2
[01:15:17] [modloading-worker-0/INFO] - jeg: 0.4.0
[01:15:17] [modloading-worker-0/INFO] - jei: 11.8.1.1034
[01:15:17] [modloading-worker-0/INFO] - k_turrets: 2.0.46-1.19
[01:15:17] [modloading-worker-0/INFO] - kevin_trophy: 1.0.0
[01:15:17] [modloading-worker-0/INFO] - lazydfu: 0.1.3
[01:15:17] [modloading-worker-0/INFO] - libraryferret: 4.0.0
[01:15:17] [modloading-worker-0/INFO] - limitedchunks: 1.8
[01:15:17] [modloading-worker-0/INFO] - magistuarmory: 9.8
[01:15:17] [modloading-worker-0/INFO] - mcwbridges: 3.0.1
[01:15:17] [modloading-worker-0/INFO] - mcwfences: 1.1.2
[01:15:17] [modloading-worker-0/INFO] - mcwfurnitures: 3.3.0
[01:15:17] [modloading-worker-0/INFO] - mcwlights: 1.1.0
[01:15:17] [modloading-worker-0/INFO] - mcwroofs: 2.3.1
[01:15:17] [modloading-worker-0/INFO] - mcwwindows: 2.3.0
[01:15:17] [modloading-worker-0/INFO] - minecraft: 1.19.2
[01:15:17] [modloading-worker-0/INFO] - minetraps: 2.2.4a
[01:15:17] [modloading-worker-0/INFO] - mixinextras: 0.2.0-beta.9
[01:15:17] [modloading-worker-0/INFO] - mobsunscreen: 3.0.9
[01:15:17] [modloading-worker-0/INFO] - modernfix: 5.18.1+mc1.19.2
[01:15:17] [modloading-worker-0/INFO] - moguns: 1.10.0
[01:15:17] [modloading-worker-0/INFO] - mutantmonsters: 4.0.6
[01:15:17] [modloading-worker-0/INFO] - mvs: 4.1.4-1.19.2-forge
[01:15:17] [modloading-worker-0/INFO] - nerb: 0.3
[01:15:17] [modloading-worker-0/INFO] - noisium: 1.0.2
[01:15:17] [modloading-worker-0/INFO] - nzgmaddon: 1.4.4
[01:15:17] [modloading-worker-0/INFO] - onlylooking: 1.19.2-4.1.1
[01:15:17] [modloading-worker-0/INFO] - philipsruins: 9.8
[01:15:17] [modloading-worker-0/INFO] - placebo: 7.4.0
[01:15:17] [modloading-worker-0/INFO] - pluto: 0.0.9
[01:15:17] [modloading-worker-0/INFO] - polymorph: 0.46.6+1.19.2
[01:15:17] [modloading-worker-0/INFO] - presencefootsteps: 1.19.2-1.6.4.1
[01:15:17] [modloading-worker-0/INFO] - projectarsenal: 0.4.0
[01:15:17] [modloading-worker-0/INFO] - puzzleslib: 4.4.3
[01:15:17] [modloading-worker-0/INFO] - reeses_sodium_options: 1.0.7
[01:15:17] [modloading-worker-0/INFO] - refurbished_furniture: 1.0.6
[01:15:17] [modloading-worker-0/INFO] - roughlyenoughitems: 9.2.784
[01:15:17] [modloading-worker-0/INFO] - rubidium: 0.6.2c
[01:15:17] [modloading-worker-0/INFO] - satako: 6.0.16-1.19
[01:15:17] [modloading-worker-0/INFO] - scorchedguns: 0.7.2
[01:15:17] [modloading-worker-0/INFO] - securitycraft: 1.9.6.1
[01:15:17] [modloading-worker-0/INFO] - shieldexp: 1.1.7a
[01:15:17] [modloading-worker-0/INFO] - smoothchunk: 1.19.2-3.5
[01:15:17] [modloading-worker-0/INFO] - sophisticatedbackpacks: 1.19.2-3.20.2.1035
[01:15:17] [modloading-worker-0/INFO] - sophisticatedcore: 1.19.2-0.6.4.605
[01:15:17] [modloading-worker-0/INFO] - sound_physics_remastered: 1.19.2-1.4.5
[01:15:17] [modloading-worker-0/INFO] - spark: 1.10.37
[01:15:17] [modloading-worker-0/INFO] - spectrelib: 0.12.8+1.19.2
[01:15:17] [modloading-worker-0/INFO] - spelunkers_charm: 3.5.9
[01:15:17] [modloading-worker-0/INFO] - stabxmodernguns: 8.4
[01:15:17] [modloading-worker-0/INFO] - starlight: 1.1.1+forge.a3aea74
[01:15:17] [modloading-worker-0/INFO] - structory: 1.3.1a
[01:15:17] [modloading-worker-0/INFO] - structure_gel: 2.7.3
[01:15:17] [modloading-worker-0/INFO] - swingthroughgrass: 1.19.2-1.10.0
[01:15:17] [modloading-worker-0/INFO] - takesapillage: 1.0.3
[01:15:17] [modloading-worker-0/INFO] - tectonic: 2.3.5a
[01:15:17] [modloading-worker-0/INFO] - tenshilib: 1.19.2-1.6.15
[01:15:17] [modloading-worker-0/INFO] - terraform: 4.2.0
[01:15:17] [modloading-worker-0/INFO] - textrues_embeddium_options: 0.1.1+mc1.19.2
[01:15:17] [modloading-worker-0/INFO] - thirst: 1.19.2-1.3.9
[01:15:17] [modloading-worker-0/INFO] - twigs: 1.19.2-3.0.1
[01:15:17] [modloading-worker-0/INFO] - twm: 1.0.0
[01:15:17] [modloading-worker-0/INFO] - voicechat: 1.19.2-2.5.24
[01:15:17] [modloading-worker-0/INFO] - vtaw_mw: 1.0.2
[01:15:17] [modloading-worker-0/INFO] - yungsapi: 1.19.2-Forge-3.8.10
[01:15:17] [modloading-worker-0/INFO] - zombieawareness: 1.19.2-1.12.3
[01:15:17] [modloading-worker-0/INFO] ========================================
[01:15:17] [modloading-worker-0/INFO] [REI] Registered plugin provider DefaultPluginImpl [roughlyenoughitems] for REIServerPlugin
[01:15:17] [modloading-worker-0/INFO] [REI] Registered plugin provider DefaultPluginImpl [roughlyenoughitems] for REIPlugin
[01:15:17] [modloading-worker-0/INFO] [REI] Registered plugin provider DefaultRuntimePlugin [roughlyenoughitems] for REIServerPlugin
[01:15:17] [modloading-worker-0/INFO] [REI] Registered plugin provider DefaultRuntimePlugin [roughlyenoughitems] for REIPlugin
[01:15:25] [Worker-Main-3/DEBUG] [REI] Processed 0 tags in 31.38 μs for minecraft:worldgen/structure
[01:15:25] [Worker-Main-2/DEBUG] [REI] Processed 0 tags in 6.201 μs for minecraft:worldgen/world_preset
[01:15:25] [Worker-Main-2/DEBUG] [REI] Processed 0 tags in 5.510 μs for minecraft:dimension_type
[01:15:25] [Worker-Main-2/DEBUG] [REI] Processed 0 tags in 5.230 μs for minecraft:worldgen/flat_level_generator_preset
[01:15:25] [Worker-Main-3/DEBUG] [REI] Processed 0 tags in 5.160 μs for golems:golem_stats
[01:15:25] [Worker-Main-3/DEBUG] [REI] Processed 0 tags in 5.119 μs for minecraft:worldgen/structure_set
[01:15:25] [Worker-Main-1/DEBUG] [REI] Processed 6 tags in 804.1 μs for minecraft:game_event
[01:15:25] [Worker-Main-3/DEBUG] [REI] Processed 5 tags in 35.74 μs for minecraft:fluid
[01:15:25] [Worker-Main-1/DEBUG] [REI] Processed 1 tags in 7.183 μs for minecraft:mob_effect
[01:15:25] [Worker-Main-2/DEBUG] [REI] Processed 0 tags in 166.4 μs for minecraft:worldgen/biome
[01:15:25] [Worker-Main-1/DEBUG] [REI] Processed 53 tags in 348.6 μs for minecraft:entity_type
[01:15:25] [Worker-Main-1/DEBUG] [REI] Processed 1 tags in 84.73 μs for minecraft:painting_variant
[01:15:25] [Worker-Main-2/DEBUG] [REI] Processed 586 tags in 13.93 ms for minecraft:item
[01:15:25] [Worker-Main-1/DEBUG] [REI] Processed 5 tags in 101.3 μs for minecraft:point_of_interest_type
[01:15:25] [Worker-Main-3/DEBUG] [REI] Processed 507 tags in 5.245 ms for minecraft:block
[01:15:25] [Worker-Main-3/DEBUG] [REI] Processed 2 tags in 28.44 μs for minecraft:cat_variant
[01:15:25] [Worker-Main-2/DEBUG] [REI] Processed 30 tags in 64.14 μs for minecraft:banner_pattern
[01:15:25] [Worker-Main-3/DEBUG] [REI] Processed 4 tags in 14.37 μs for minecraft:instrument
[01:15:27] [main/DEBUG] [REI] Starting Reload Plugins of stage null
java.lang.Throwable
	at TRANSFORMER/roughlyenoughitems@9.2.784/me.shedaniel.rei.impl.common.plugins.ReloadManagerImpl.reloadPlugins(ReloadManagerImpl.java:110)
	at TRANSFORMER/roughlyenoughitems@9.2.784/me.shedaniel.rei.RoughlyEnoughItemsCore.lambda$onInitialize$4(RoughlyEnoughItemsCore.java:159)
	at java.base/java.util.concurrent.CompletableFuture$UniRun.tryFire(CompletableFuture.java:787)
	at java.base/java.util.concurrent.CompletableFuture$Completion.run(CompletableFuture.java:482)
	at TRANSFORMER/minecraft@1.19.2/net.minecraft.server.packs.resources.SimpleReloadInstance.m_143940_(SimpleReloadInstance.java:69)
	at TRANSFORMER/minecraft@1.19.2/net.minecraft.Util.m_214652_(Util.java:781)
	at TRANSFORMER/minecraft@1.19.2/net.minecraft.Util.m_214679_(Util.java:770)
	at TRANSFORMER/minecraft@1.19.2/net.minecraft.server.Main.main(Main.java:157)
	at java.base/jdk.internal.reflect.DirectMethodHandleAccessor.invoke(DirectMethodHandleAccessor.java:103)
	at java.base/java.lang.reflect.Method.invoke(Method.java:580)
	at MC-BOOTSTRAP/fmlloader@1.19.2-43.4.2/net.minecraftforge.fml.loading.targets.CommonServerLaunchHandler.lambda$launchService$0(CommonServerLaunchHandler.java:29)
	at MC-BOOTSTRAP/cpw.mods.modlauncher@10.0.8/cpw.mods.modlauncher.LaunchServiceHandlerDecorator.launch(LaunchServiceHandlerDecorator.java:30)
	at MC-BOOTSTRAP/cpw.mods.modlauncher@10.0.8/cpw.mods.modlauncher.LaunchServiceHandler.launch(LaunchServiceHandler.java:53)
	at MC-BOOTSTRAP/cpw.mods.modlauncher@10.0.8/cpw.mods.modlauncher.LaunchServiceHandler.launch(LaunchServiceHandler.java:71)
	at MC-BOOTSTRAP/cpw.mods.modlauncher@10.0.8/cpw.mods.modlauncher.Launcher.run(Launcher.java:106)
	at MC-BOOTSTRAP/cpw.mods.modlauncher@10.0.8/cpw.mods.modlauncher.Launcher.main(Launcher.java:77)
	at MC-BOOTSTRAP/cpw.mods.modlauncher@10.0.8/cpw.mods.modlauncher.BootstrapLaunchConsumer.accept(BootstrapLaunchConsumer.java:26)
	at MC-BOOTSTRAP/cpw.mods.modlauncher@10.0.8/cpw.mods.modlauncher.BootstrapLaunchConsumer.accept(BootstrapLaunchConsumer.java:23)
	at cpw.mods.bootstraplauncher@1.1.2/cpw.mods.bootstraplauncher.BootstrapLauncher.main(BootstrapLauncher.java:141)
[01:15:27] [main/DEBUG] [REI] ========================================
[01:15:27] [main/DEBUG] [REI] REIPlugin starting pre-reload for START.
[01:15:27] [main/DEBUG] [REI] Reloadables (7):
[01:15:27] [main/DEBUG] [REI]  - EntryTypeRegistryImpl
[01:15:27] [main/DEBUG] [REI]  - EntrySettingsAdapterRegistryImpl
[01:15:27] [main/DEBUG] [REI]  - RecipeManagerContextImpl
[01:15:27] [main/DEBUG] [REI]  - ItemComparatorRegistryImpl
[01:15:27] [main/DEBUG] [REI]  - FluidComparatorRegistryImpl
[01:15:27] [main/DEBUG] [REI]  - DisplaySerializerRegistryImpl
[01:15:27] [main/DEBUG] [REI]  - FluidSupportProviderImpl
[01:15:27] [main/DEBUG] [REI] Plugins (2):
[01:15:27] [main/DEBUG] [REI]  - (-100.00) DefaultPluginImpl of DefaultPluginImpl [roughlyenoughitems]
[01:15:27] [main/DEBUG] [REI]  - (0.00) DefaultRuntimePlugin of DefaultRuntimePlugin [roughlyenoughitems]
[01:15:27] [main/DEBUG] [REI] ========================================
[01:15:27] [main/TRACE] [REI] [REIPlugin START] Reloading Section: "pre-register/"
[01:15:27] [main/TRACE] [REI] [REIPlugin START] Reloading Section: "pre-register/DefaultPluginImpl of DefaultPluginImpl [roughlyenoughitems]/"
[01:15:27] [main/TRACE] [REI] [REIPlugin START] Reloading Section: "pre-register/DefaultPluginImpl of DefaultPluginImpl [roughlyenoughitems]/" done in 853.4 μs
[01:15:27] [main/TRACE] [REI] [REIPlugin START] Reloading Section: "pre-register/DefaultRuntimePlugin of DefaultRuntimePlugin [roughlyenoughitems]/"
[01:15:27] [main/TRACE] [REI] [REIPlugin START] Reloading Section: "pre-register/DefaultRuntimePlugin of DefaultRuntimePlugin [roughlyenoughitems]/" done in 61.62 μs
[01:15:27] [main/TRACE] [REI] [REIPlugin START] Reloading Section: "pre-register/" done in 8.560 ms
[01:15:27] [main/TRACE] [REI] [REIPlugin START] Reloading Section: "pre-stage/"
[01:15:27] [main/TRACE] [REI] [REIPlugin START] Reloading Section: "pre-stage/EntryTypeRegistryImpl/"
[01:15:27] [main/TRACE] [REI] [REIPlugin START] Reloading Section: "pre-stage/EntryTypeRegistryImpl/" done in 238.5 μs
[01:15:27] [main/TRACE] [REI] [REIPlugin START] Reloading Section: "pre-stage/EntrySettingsAdapterRegistryImpl/"
[01:15:27] [main/TRACE] [REI] [REIPlugin START] Reloading Section: "pre-stage/EntrySettingsAdapterRegistryImpl/" done in 62.56 μs
[01:15:27] [main/TRACE] [REI] [REIPlugin START] Reloading Section: "pre-stage/RecipeManagerContextImpl/"
[01:15:27] [main/TRACE] [REI] [REIPlugin START] Reloading Section: "pre-stage/RecipeManagerContextImpl/" done in 46.59 μs
[01:15:27] [main/TRACE] [REI] [REIPlugin START] Reloading Section: "pre-stage/ItemComparatorRegistryImpl/"
[01:15:27] [main/TRACE] [REI] [REIPlugin START] Reloading Section: "pre-stage/ItemComparatorRegistryImpl/" done in 46.57 μs
[01:15:27] [main/TRACE] [REI] [REIPlugin START] Reloading Section: "pre-stage/FluidComparatorRegistryImpl/"
[01:15:27] [main/TRACE] [REI] [REIPlugin START] Reloading Section: "pre-stage/FluidComparatorRegistryImpl/" done in 50.30 μs
[01:15:27] [main/TRACE] [REI] [REIPlugin START] Reloading Section: "pre-stage/DisplaySerializerRegistryImpl/"
[01:15:27] [main/TRACE] [REI] [REIPlugin START] Reloading Section: "pre-stage/DisplaySerializerRegistryImpl/" done in 51.89 μs
[01:15:27] [main/TRACE] [REI] [REIPlugin START] Reloading Section: "pre-stage/FluidSupportProviderImpl/"
[01:15:27] [main/TRACE] [REI] [REIPlugin START] Reloading Section: "pre-stage/FluidSupportProviderImpl/" done in 56.74 μs
[01:15:27] [main/TRACE] [REI] [REIPlugin START] Reloading Section: "pre-stage/" done in 1.312 ms
[01:15:27] [main/DEBUG] [REI] ========================================
[01:15:27] [main/DEBUG] [REI] REIPlugin finished pre-reload for START in 10.37 ms.
[01:15:27] [main/DEBUG] [REI] ========================================
[01:15:27] [main/DEBUG] [REI] ========================================
[01:15:27] [main/DEBUG] [REI] REIServerPlugin starting pre-reload for START.
[01:15:27] [main/DEBUG] [REI] Reloadables (2):
[01:15:27] [main/DEBUG] [REI]  - MenuInfoRegistryImpl
[01:15:27] [main/DEBUG] [REI]  - SlotAccessorRegistryImpl
[01:15:27] [main/DEBUG] [REI] Plugins (2):
[01:15:27] [main/DEBUG] [REI]  - (-100.00) DefaultPluginImpl of DefaultPluginImpl [roughlyenoughitems]
[01:15:27] [main/DEBUG] [REI]  - (0.00) DefaultRuntimePlugin of DefaultRuntimePlugin [roughlyenoughitems]
[01:15:27] [main/DEBUG] [REI] ========================================
[01:15:27] [main/TRACE] [REI] [REIServerPlugin START] Reloading Section: "pre-register/"
[01:15:27] [main/TRACE] [REI] [REIServerPlugin START] Reloading Section: "pre-register/DefaultPluginImpl of DefaultPluginImpl [roughlyenoughitems]/"
[01:15:27] [main/TRACE] [REI] [REIServerPlugin START] Reloading Section: "pre-register/DefaultPluginImpl of DefaultPluginImpl [roughlyenoughitems]/" done in 51.51 μs
[01:15:27] [main/TRACE] [REI] [REIServerPlugin START] Reloading Section: "pre-register/DefaultRuntimePlugin of DefaultRuntimePlugin [roughlyenoughitems]/"
[01:15:27] [main/TRACE] [REI] [REIServerPlugin START] Reloading Section: "pre-register/DefaultRuntimePlugin of DefaultRuntimePlugin [roughlyenoughitems]/" done in 43.88 μs
[01:15:27] [main/TRACE] [REI] [REIServerPlugin START] Reloading Section: "pre-register/" done in 311.9 μs
[01:15:27] [main/TRACE] [REI] [REIServerPlugin START] Reloading Section: "pre-stage/"
[01:15:27] [main/TRACE] [REI] [REIServerPlugin START] Reloading Section: "pre-stage/MenuInfoRegistryImpl/"
[01:15:27] [main/TRACE] [REI] [REIServerPlugin START] Reloading Section: "pre-stage/MenuInfoRegistryImpl/" done in 56.16 μs
[01:15:27] [main/TRACE] [REI] [REIServerPlugin START] Reloading Section: "pre-stage/SlotAccessorRegistryImpl/"
[01:15:27] [main/TRACE] [REI] [REIServerPlugin START] Reloading Section: "pre-stage/SlotAccessorRegistryImpl/" done in 47.75 μs
[01:15:27] [main/TRACE] [REI] [REIServerPlugin START] Reloading Section: "pre-stage/" done in 302.6 μs
[01:15:27] [main/DEBUG] [REI] ========================================
[01:15:27] [main/DEBUG] [REI] REIServerPlugin finished pre-reload for START in 764.0 μs.
[01:15:27] [main/DEBUG] [REI] ========================================
[01:15:27] [main/INFO] [REI] ****************************************
[01:15:27] [main/INFO] [REI] REIPlugin starting main-reload for START.
[01:15:27] [main/DEBUG] [REI] Reloadables (7):
[01:15:27] [main/DEBUG] [REI]  - EntryTypeRegistryImpl
[01:15:27] [main/DEBUG] [REI]  - EntrySettingsAdapterRegistryImpl
[01:15:27] [main/DEBUG] [REI]  - RecipeManagerContextImpl
[01:15:27] [main/DEBUG] [REI]  - ItemComparatorRegistryImpl
[01:15:27] [main/DEBUG] [REI]  - FluidComparatorRegistryImpl
[01:15:27] [main/DEBUG] [REI]  - DisplaySerializerRegistryImpl
[01:15:27] [main/DEBUG] [REI]  - FluidSupportProviderImpl
[01:15:27] [main/INFO] [REI] Plugins (2):
[01:15:27] [main/INFO] [REI]  - (-100.00) DefaultPluginImpl of DefaultPluginImpl [roughlyenoughitems]
[01:15:27] [main/INFO] [REI]  - (0.00) DefaultRuntimePlugin of DefaultRuntimePlugin [roughlyenoughitems]
[01:15:27] [main/INFO] [REI] ****************************************
[01:15:27] [main/TRACE] [REI] [REIPlugin START] Reloading Section: "start-reload/"
[01:15:27] [main/TRACE] [REI] [REIPlugin START] Reloading Section: "start-reload/EntryTypeRegistryImpl/"
[01:15:27] [main/TRACE] [REI] [REIPlugin START] Reloading Section: "start-reload/EntryTypeRegistryImpl/" done in 133.5 μs
[01:15:27] [main/TRACE] [REI] [REIPlugin START] Reloading Section: "start-reload/EntrySettingsAdapterRegistryImpl/"
[01:15:27] [main/TRACE] [REI] [REIPlugin START] Reloading Section: "start-reload/EntrySettingsAdapterRegistryImpl/" done in 65.99 μs
[01:15:27] [main/TRACE] [REI] [REIPlugin START] Reloading Section: "start-reload/RecipeManagerContextImpl/"
[01:15:27] [main/TRACE] [REI] [REIPlugin START] Reloading Section: "start-reload/RecipeManagerContextImpl/" done in 55.40 μs
[01:15:27] [main/TRACE] [REI] [REIPlugin START] Reloading Section: "start-reload/ItemComparatorRegistryImpl/"
[01:15:27] [main/TRACE] [REI] [REIPlugin START] Reloading Section: "start-reload/ItemComparatorRegistryImpl/" done in 83.91 μs
[01:15:27] [main/TRACE] [REI] [REIPlugin START] Reloading Section: "start-reload/FluidComparatorRegistryImpl/"
[01:15:27] [main/TRACE] [REI] [REIPlugin START] Reloading Section: "start-reload/FluidComparatorRegistryImpl/" done in 72.72 μs
[01:15:27] [main/TRACE] [REI] [REIPlugin START] Reloading Section: "start-reload/DisplaySerializerRegistryImpl/"
[01:15:27] [main/TRACE] [REI] [REIPlugin START] Reloading Section: "start-reload/DisplaySerializerRegistryImpl/" done in 56.13 μs
[01:15:27] [main/TRACE] [REI] [REIPlugin START] Reloading Section: "start-reload/FluidSupportProviderImpl/"
[01:15:27] [main/TRACE] [REI] [REIPlugin START] Reloading Section: "start-reload/FluidSupportProviderImpl/" done in 62.29 μs
[01:15:27] [main/TRACE] [REI] [REIPlugin START] Reloading Section: "start-reload/" done in 1.296 ms
[01:15:27] [main/DEBUG] [REI] ========================================
[01:15:27] [main/DEBUG] [REI] REIPlugin started main-reload for START.
[01:15:27] [main/DEBUG] [REI] ========================================
[01:15:27] [main/TRACE] [REI] [REIPlugin START] Reloading Section: "reloadable-plugin/EntryTypeRegistryImpl/"
[01:15:27] [main/TRACE] [REI] [REIPlugin START] Reloading Section: "reloadable-plugin/EntryTypeRegistryImpl/DefaultPluginImpl of DefaultPluginImpl [roughlyenoughitems]/"
[01:15:27] [main/TRACE] [REI] [REIPlugin START] Reloading Section: "reloadable-plugin/EntryTypeRegistryImpl/DefaultPluginImpl of DefaultPluginImpl [roughlyenoughitems]/" done in 218.0 μs
[01:15:27] [main/TRACE] [REI] [REIPlugin START] Reloading Section: "reloadable-plugin/EntryTypeRegistryImpl/DefaultRuntimePlugin of DefaultRuntimePlugin [roughlyenoughitems]/"
[01:15:27] [main/TRACE] [REI] [REIPlugin START] Reloading Section: "reloadable-plugin/EntryTypeRegistryImpl/DefaultRuntimePlugin of DefaultRuntimePlugin [roughlyenoughitems]/" done in 6.456 ms
[01:15:27] [main/TRACE] [REI] [REIPlugin START] Reloading Section: "reloadable-plugin/EntryTypeRegistryImpl/" done in 7.221 ms
[01:15:27] [main/TRACE] [REI] [REIPlugin START] Reloading Section: "reloadable-plugin/EntrySettingsAdapterRegistryImpl/"
[01:15:27] [main/TRACE] [REI] [REIPlugin START] Reloading Section: "reloadable-plugin/EntrySettingsAdapterRegistryImpl/DefaultPluginImpl of DefaultPluginImpl [roughlyenoughitems]/"
[01:15:27] [main/TRACE] [REI] [REIPlugin START] Reloading Section: "reloadable-plugin/EntrySettingsAdapterRegistryImpl/DefaultPluginImpl of DefaultPluginImpl [roughlyenoughitems]/" done in 70.55 μs
[01:15:27] [main/TRACE] [REI] [REIPlugin START] Reloading Section: "reloadable-plugin/EntrySettingsAdapterRegistryImpl/DefaultRuntimePlugin of DefaultRuntimePlugin [roughlyenoughitems]/"
[01:15:27] [main/TRACE] [REI] [REIPlugin START] Reloading Section: "reloadable-plugin/EntrySettingsAdapterRegistryImpl/DefaultRuntimePlugin of DefaultRuntimePlugin [roughlyenoughitems]/" done in 66.18 μs
[01:15:27] [main/TRACE] [REI] [REIPlugin START] Reloading Section: "reloadable-plugin/EntrySettingsAdapterRegistryImpl/" done in 401.0 μs
[01:15:27] [main/TRACE] [REI] [REIPlugin START] Reloading Section: "reloadable-plugin/RecipeManagerContextImpl/"
[01:15:27] [main/TRACE] [REI] [REIPlugin START] Reloading Section: "reloadable-plugin/RecipeManagerContextImpl/DefaultPluginImpl of DefaultPluginImpl [roughlyenoughitems]/"
[01:15:27] [main/TRACE] [REI] [REIPlugin START] Reloading Section: "reloadable-plugin/RecipeManagerContextImpl/DefaultPluginImpl of DefaultPluginImpl [roughlyenoughitems]/" done in 59.34 μs
[01:15:27] [main/TRACE] [REI] [REIPlugin START] Reloading Section: "reloadable-plugin/RecipeManagerContextImpl/DefaultRuntimePlugin of DefaultRuntimePlugin [roughlyenoughitems]/"
[01:15:27] [main/TRACE] [REI] [REIPlugin START] Reloading Section: "reloadable-plugin/RecipeManagerContextImpl/DefaultRuntimePlugin of DefaultRuntimePlugin [roughlyenoughitems]/" done in 47.06 μs
[01:15:27] [main/TRACE] [REI] [REIPlugin START] Reloading Section: "reloadable-plugin/RecipeManagerContextImpl/" done in 361.3 μs
[01:15:27] [main/TRACE] [REI] [REIPlugin START] Reloading Section: "reloadable-plugin/ItemComparatorRegistryImpl/"
[01:15:27] [main/TRACE] [REI] [REIPlugin START] Reloading Section: "reloadable-plugin/ItemComparatorRegistryImpl/DefaultPluginImpl of DefaultPluginImpl [roughlyenoughitems]/"
[01:15:27] [main/TRACE] [REI] [REIPlugin START] Reloading Section: "reloadable-plugin/ItemComparatorRegistryImpl/DefaultPluginImpl of DefaultPluginImpl [roughlyenoughitems]/" done in 896.1 μs
[01:15:27] [main/TRACE] [REI] [REIPlugin START] Reloading Section: "reloadable-plugin/ItemComparatorRegistryImpl/DefaultRuntimePlugin of DefaultRuntimePlugin [roughlyenoughitems]/"
[01:15:27] [main/TRACE] [REI] [REIPlugin START] Reloading Section: "reloadable-plugin/ItemComparatorRegistryImpl/DefaultRuntimePlugin of DefaultRuntimePlugin [roughlyenoughitems]/" done in 51.11 μs
[01:15:27] [main/TRACE] [REI] [REIPlugin START] Reloading Section: "reloadable-plugin/ItemComparatorRegistryImpl/" done in 1.178 ms
[01:15:27] [main/TRACE] [REI] [REIPlugin START] Reloading Section: "reloadable-plugin/FluidComparatorRegistryImpl/"
[01:15:27] [main/TRACE] [REI] [REIPlugin START] Reloading Section: "reloadable-plugin/FluidComparatorRegistryImpl/DefaultPluginImpl of DefaultPluginImpl [roughlyenoughitems]/"
[01:15:27] [main/TRACE] [REI] [REIPlugin START] Reloading Section: "reloadable-plugin/FluidComparatorRegistryImpl/DefaultPluginImpl of DefaultPluginImpl [roughlyenoughitems]/" done in 53.52 μs
[01:15:27] [main/TRACE] [REI] [REIPlugin START] Reloading Section: "reloadable-plugin/FluidComparatorRegistryImpl/DefaultRuntimePlugin of DefaultRuntimePlugin [roughlyenoughitems]/"
[01:15:27] [main/TRACE] [REI] [REIPlugin START] Reloading Section: "reloadable-plugin/FluidComparatorRegistryImpl/DefaultRuntimePlugin of DefaultRuntimePlugin [roughlyenoughitems]/" done in 48.72 μs
[01:15:27] [main/TRACE] [REI] [REIPlugin START] Reloading Section: "reloadable-plugin/FluidComparatorRegistryImpl/" done in 331.2 μs
[01:15:27] [main/TRACE] [REI] [REIPlugin START] Reloading Section: "reloadable-plugin/DisplaySerializerRegistryImpl/"
[01:15:27] [main/TRACE] [REI] [REIPlugin START] Reloading Section: "reloadable-plugin/DisplaySerializerRegistryImpl/DefaultPluginImpl of DefaultPluginImpl [roughlyenoughitems]/"
[01:15:27] [main/TRACE] [REI] [REIPlugin START] Reloading Section: "reloadable-plugin/DisplaySerializerRegistryImpl/DefaultPluginImpl of DefaultPluginImpl [roughlyenoughitems]/" done in 45.02 μs
[01:15:27] [main/TRACE] [REI] [REIPlugin START] Reloading Section: "reloadable-plugin/DisplaySerializerRegistryImpl/DefaultRuntimePlugin of DefaultRuntimePlugin [roughlyenoughitems]/"
[01:15:27] [main/TRACE] [REI] [REIPlugin START] Reloading Section: "reloadable-plugin/DisplaySerializerRegistryImpl/DefaultRuntimePlugin of DefaultRuntimePlugin [roughlyenoughitems]/" done in 45.26 μs
[01:15:27] [main/TRACE] [REI] [REIPlugin START] Reloading Section: "reloadable-plugin/DisplaySerializerRegistryImpl/" done in 292.5 μs
[01:15:27] [main/TRACE] [REI] [REIPlugin START] Reloading Section: "reloadable-plugin/FluidSupportProviderImpl/"
[01:15:27] [main/TRACE] [REI] [REIPlugin START] Reloading Section: "reloadable-plugin/FluidSupportProviderImpl/DefaultPluginImpl of DefaultPluginImpl [roughlyenoughitems]/"
[01:15:27] [main/TRACE] [REI] [REIPlugin START] Reloading Section: "reloadable-plugin/FluidSupportProviderImpl/DefaultPluginImpl of DefaultPluginImpl [roughlyenoughitems]/" done in 471.1 μs
[01:15:27] [main/TRACE] [REI] [REIPlugin START] Reloading Section: "reloadable-plugin/FluidSupportProviderImpl/DefaultRuntimePlugin of DefaultRuntimePlugin [roughlyenoughitems]/"
[01:15:27] [main/TRACE] [REI] [REIPlugin START] Reloading Section: "reloadable-plugin/FluidSupportProviderImpl/DefaultRuntimePlugin of DefaultRuntimePlugin [roughlyenoughitems]/" done in 52.64 μs
[01:15:27] [main/TRACE] [REI] [REIPlugin START] Reloading Section: "reloadable-plugin/FluidSupportProviderImpl/" done in 752.8 μs
[01:15:27] [main/DEBUG] [REI] ========================================
[01:15:27] [main/DEBUG] [REI] REIPlugin ending main-reload for START.
[01:15:27] [main/DEBUG] [REI] ========================================
[01:15:27] [main/TRACE] [REI] [REIPlugin START] Reloading Section: "end-reload/"
[01:15:27] [main/TRACE] [REI] [REIPlugin START] Reloading Section: "end-reload/EntryTypeRegistryImpl/"
[01:15:27] [main/TRACE] [REI] [REIPlugin START] Reloading Section: "end-reload/EntryTypeRegistryImpl/" done in 50.52 μs
[01:15:27] [main/TRACE] [REI] [REIPlugin START] Reloading Section: "end-reload/EntrySettingsAdapterRegistryImpl/"
[01:15:27] [main/TRACE] [REI] [REIPlugin START] Reloading Section: "end-reload/EntrySettingsAdapterRegistryImpl/" done in 58.76 μs
[01:15:27] [main/TRACE] [REI] [REIPlugin START] Reloading Section: "end-reload/RecipeManagerContextImpl/"
[01:15:27] [main/TRACE] [REI] [REIPlugin START] Reloading Section: "end-reload/RecipeManagerContextImpl/" done in 42.30 μs
[01:15:27] [main/TRACE] [REI] [REIPlugin START] Reloading Section: "end-reload/ItemComparatorRegistryImpl/"
[01:15:27] [main/TRACE] [REI] [REIPlugin START] Reloading Section: "end-reload/ItemComparatorRegistryImpl/" done in 56.99 μs
[01:15:27] [main/TRACE] [REI] [REIPlugin START] Reloading Section: "end-reload/FluidComparatorRegistryImpl/"
[01:15:27] [main/TRACE] [REI] [REIPlugin START] Reloading Section: "end-reload/FluidComparatorRegistryImpl/" done in 51.49 μs
[01:15:27] [main/TRACE] [REI] [REIPlugin START] Reloading Section: "end-reload/DisplaySerializerRegistryImpl/"
[01:15:27] [main/TRACE] [REI] [REIPlugin START] Reloading Section: "end-reload/DisplaySerializerRegistryImpl/" done in 50.39 μs
[01:15:27] [main/TRACE] [REI] [REIPlugin START] Reloading Section: "end-reload/FluidSupportProviderImpl/"
[01:15:27] [main/TRACE] [REI] [REIPlugin START] Reloading Section: "end-reload/FluidSupportProviderImpl/" done in 44.54 μs
[01:15:27] [main/TRACE] [REI] [REIPlugin START] Reloading Section: "end-reload/" done in 1.007 ms
[01:15:27] [main/DEBUG] [REI] ========================================
[01:15:27] [main/DEBUG] [REI] REIPlugin ended main-reload for START in 16.15 ms.
[01:15:27] [main/DEBUG] [REI] ========================================
[01:15:27] [main/INFO] [REI] ++++++++++++++++++++++++++++++++++++++++
[01:15:27] [main/INFO] [REI] REIServerPlugin starting main-reload for START.
[01:15:27] [main/DEBUG] [REI] Reloadables (2):
[01:15:27] [main/DEBUG] [REI]  - MenuInfoRegistryImpl
[01:15:27] [main/DEBUG] [REI]  - SlotAccessorRegistryImpl
[01:15:27] [main/INFO] [REI] Plugins (2):
[01:15:27] [main/INFO] [REI]  - (-100.00) DefaultPluginImpl of DefaultPluginImpl [roughlyenoughitems]
[01:15:27] [main/INFO] [REI]  - (0.00) DefaultRuntimePlugin of DefaultRuntimePlugin [roughlyenoughitems]
[01:15:27] [main/INFO] [REI] ++++++++++++++++++++++++++++++++++++++++
[01:15:27] [main/TRACE] [REI] [REIServerPlugin START] Reloading Section: "start-reload/"
[01:15:27] [main/TRACE] [REI] [REIServerPlugin START] Reloading Section: "start-reload/MenuInfoRegistryImpl/"
[01:15:27] [main/TRACE] [REI] [REIServerPlugin START] Reloading Section: "start-reload/MenuInfoRegistryImpl/" done in 44.08 μs
[01:15:27] [main/TRACE] [REI] [REIServerPlugin START] Reloading Section: "start-reload/SlotAccessorRegistryImpl/"
[01:15:27] [main/TRACE] [REI] [REIServerPlugin START] Reloading Section: "start-reload/SlotAccessorRegistryImpl/" done in 50.37 μs
[01:15:27] [main/TRACE] [REI] [REIServerPlugin START] Reloading Section: "start-reload/" done in 320.7 μs
[01:15:27] [main/DEBUG] [REI] ========================================
[01:15:27] [main/DEBUG] [REI] REIServerPlugin started main-reload for START.
[01:15:27] [main/DEBUG] [REI] ========================================
[01:15:27] [main/TRACE] [REI] [REIServerPlugin START] Reloading Section: "reloadable-plugin/MenuInfoRegistryImpl/"
[01:15:27] [main/TRACE] [REI] [REIServerPlugin START] Reloading Section: "reloadable-plugin/MenuInfoRegistryImpl/DefaultPluginImpl of DefaultPluginImpl [roughlyenoughitems]/"
[01:15:27] [main/TRACE] [REI] [REIServerPlugin START] Reloading Section: "reloadable-plugin/MenuInfoRegistryImpl/DefaultPluginImpl of DefaultPluginImpl [roughlyenoughitems]/" done in 45.11 μs
[01:15:27] [main/TRACE] [REI] [REIServerPlugin START] Reloading Section: "reloadable-plugin/MenuInfoRegistryImpl/DefaultRuntimePlugin of DefaultRuntimePlugin [roughlyenoughitems]/"
[01:15:27] [main/TRACE] [REI] [REIServerPlugin START] Reloading Section: "reloadable-plugin/MenuInfoRegistryImpl/DefaultRuntimePlugin of DefaultRuntimePlugin [roughlyenoughitems]/" done in 46.81 μs
[01:15:27] [main/TRACE] [REI] [REIServerPlugin START] Reloading Section: "reloadable-plugin/MenuInfoRegistryImpl/" done in 297.9 μs
[01:15:27] [main/TRACE] [REI] [REIServerPlugin START] Reloading Section: "reloadable-plugin/SlotAccessorRegistryImpl/"
[01:15:27] [main/TRACE] [REI] [REIServerPlugin START] Reloading Section: "reloadable-plugin/SlotAccessorRegistryImpl/DefaultPluginImpl of DefaultPluginImpl [roughlyenoughitems]/"
[01:15:27] [main/TRACE] [REI] [REIServerPlugin START] Reloading Section: "reloadable-plugin/SlotAccessorRegistryImpl/DefaultPluginImpl of DefaultPluginImpl [roughlyenoughitems]/" done in 53.80 μs
[01:15:27] [main/TRACE] [REI] [REIServerPlugin START] Reloading Section: "reloadable-plugin/SlotAccessorRegistryImpl/DefaultRuntimePlugin of DefaultRuntimePlugin [roughlyenoughitems]/"
[01:15:27] [main/TRACE] [REI] [REIServerPlugin START] Reloading Section: "reloadable-plugin/SlotAccessorRegistryImpl/DefaultRuntimePlugin of DefaultRuntimePlugin [roughlyenoughitems]/" done in 45.54 μs
[01:15:27] [main/TRACE] [REI] [REIServerPlugin START] Reloading Section: "reloadable-plugin/SlotAccessorRegistryImpl/" done in 300.6 μs
[01:15:27] [main/DEBUG] [REI] ========================================
[01:15:27] [main/DEBUG] [REI] REIServerPlugin ending main-reload for START.
[01:15:27] [main/DEBUG] [REI] ========================================
[01:15:27] [main/TRACE] [REI] [REIServerPlugin START] Reloading Section: "end-reload/"
[01:15:27] [main/TRACE] [REI] [REIServerPlugin START] Reloading Section: "end-reload/MenuInfoRegistryImpl/"
[01:15:27] [main/TRACE] [REI] [REIServerPlugin START] Reloading Section: "end-reload/MenuInfoRegistryImpl/" done in 55.23 μs
[01:15:27] [main/TRACE] [REI] [REIServerPlugin START] Reloading Section: "end-reload/SlotAccessorRegistryImpl/"
[01:15:27] [main/TRACE] [REI] [REIServerPlugin START] Reloading Section: "end-reload/SlotAccessorRegistryImpl/" done in 51.34 μs
[01:15:27] [main/TRACE] [REI] [REIServerPlugin START] Reloading Section: "end-reload/" done in 369.2 μs
[01:15:27] [main/DEBUG] [REI] ========================================
[01:15:27] [main/DEBUG] [REI] REIServerPlugin ended main-reload for START in 3.347 ms.
[01:15:27] [main/DEBUG] [REI] ========================================
[01:15:27] [main/DEBUG] [REI] ========================================
[01:15:27] [main/DEBUG] [REI] REIPlugin starting post-reload for START.
[01:15:27] [main/DEBUG] [REI] Reloadables (7):
[01:15:27] [main/DEBUG] [REI]  - EntryTypeRegistryImpl
[01:15:27] [main/DEBUG] [REI]  - EntrySettingsAdapterRegistryImpl
[01:15:27] [main/DEBUG] [REI]  - RecipeManagerContextImpl
[01:15:27] [main/DEBUG] [REI]  - ItemComparatorRegistryImpl
[01:15:27] [main/DEBUG] [REI]  - FluidComparatorRegistryImpl
[01:15:27] [main/DEBUG] [REI]  - DisplaySerializerRegistryImpl
[01:15:27] [main/DEBUG] [REI]  - FluidSupportProviderImpl
[01:15:27] [main/DEBUG] [REI] Plugins (2):
[01:15:27] [main/DEBUG] [REI]  - (-100.00) DefaultPluginImpl of DefaultPluginImpl [roughlyenoughitems]
[01:15:27] [main/DEBUG] [REI]  - (0.00) DefaultRuntimePlugin of DefaultRuntimePlugin [roughlyenoughitems]
[01:15:27] [main/DEBUG] [REI] ========================================
[01:15:27] [main/TRACE] [REI] [REIPlugin START] Reloading Section: "post-register/"
[01:15:27] [main/TRACE] [REI] [REIPlugin START] Reloading Section: "post-register/DefaultPluginImpl of DefaultPluginImpl [roughlyenoughitems]/"
[01:15:27] [main/TRACE] [REI] [REIPlugin START] Reloading Section: "post-register/DefaultPluginImpl of DefaultPluginImpl [roughlyenoughitems]/" done in 271.4 μs
[01:15:27] [main/TRACE] [REI] [REIPlugin START] Reloading Section: "post-register/DefaultRuntimePlugin of DefaultRuntimePlugin [roughlyenoughitems]/"
[01:15:27] [main/TRACE] [REI] [REIPlugin START] Reloading Section: "post-register/DefaultRuntimePlugin of DefaultRuntimePlugin [roughlyenoughitems]/" done in 57.14 μs
[01:15:27] [main/TRACE] [REI] [REIPlugin START] Reloading Section: "post-register/" done in 774.5 μs
[01:15:27] [main/TRACE] [REI] [REIPlugin START] Reloading Section: "post-stage/"
[01:15:27] [main/TRACE] [REI] [REIPlugin START] Reloading Section: "post-stage/EntryTypeRegistryImpl/"
[01:15:27] [main/TRACE] [REI] [REIPlugin START] Reloading Section: "post-stage/EntryTypeRegistryImpl/" done in 67.94 μs
[01:15:27] [main/TRACE] [REI] [REIPlugin START] Reloading Section: "post-stage/EntrySettingsAdapterRegistryImpl/"
[01:15:27] [main/TRACE] [REI] [REIPlugin START] Reloading Section: "post-stage/EntrySettingsAdapterRegistryImpl/" done in 45.85 μs
[01:15:27] [main/TRACE] [REI] [REIPlugin START] Reloading Section: "post-stage/RecipeManagerContextImpl/"
[01:15:27] [main/TRACE] [REI] [REIPlugin START] Reloading Section: "post-stage/RecipeManagerContextImpl/" done in 47.34 μs
[01:15:27] [main/TRACE] [REI] [REIPlugin START] Reloading Section: "post-stage/ItemComparatorRegistryImpl/"
[01:15:27] [main/TRACE] [REI] [REIPlugin START] Reloading Section: "post-stage/ItemComparatorRegistryImpl/" done in 58.35 μs
[01:15:28] [main/TRACE] [REI] [REIPlugin START] Reloading Section: "post-stage/FluidComparatorRegistryImpl/"
[01:15:28] [main/TRACE] [REI] [REIPlugin START] Reloading Section: "post-stage/FluidComparatorRegistryImpl/" done in 49.94 μs
[01:15:28] [main/TRACE] [REI] [REIPlugin START] Reloading Section: "post-stage/DisplaySerializerRegistryImpl/"
[01:15:28] [main/TRACE] [REI] [REIPlugin START] Reloading Section: "post-stage/DisplaySerializerRegistryImpl/" done in 49.95 μs
[01:15:28] [main/TRACE] [REI] [REIPlugin START] Reloading Section: "post-stage/FluidSupportProviderImpl/"
[01:15:28] [main/TRACE] [REI] [REIPlugin START] Reloading Section: "post-stage/FluidSupportProviderImpl/" done in 47.21 μs
[01:15:28] [main/TRACE] [REI] [REIPlugin START] Reloading Section: "post-stage/" done in 1.015 ms
[01:15:28] [main/DEBUG] [REI] ========================================
[01:15:28] [main/INFO] [REI] REIPlugin finished post-reload for START in 1.938 ms, totaling 28.40 ms.
[01:15:28] [main/DEBUG] [REI] ========================================
[01:15:28] [main/DEBUG] [REI] ========================================
[01:15:28] [main/DEBUG] [REI] REIServerPlugin starting post-reload for START.
[01:15:28] [main/DEBUG] [REI] Reloadables (2):
[01:15:28] [main/DEBUG] [REI]  - MenuInfoRegistryImpl
[01:15:28] [main/DEBUG] [REI]  - SlotAccessorRegistryImpl
[01:15:28] [main/DEBUG] [REI] Plugins (2):
[01:15:28] [main/DEBUG] [REI]  - (-100.00) DefaultPluginImpl of DefaultPluginImpl [roughlyenoughitems]
[01:15:28] [main/DEBUG] [REI]  - (0.00) DefaultRuntimePlugin of DefaultRuntimePlugin [roughlyenoughitems]
[01:15:28] [main/DEBUG] [REI] ========================================
[01:15:28] [main/TRACE] [REI] [REIServerPlugin START] Reloading Section: "post-register/"
[01:15:28] [main/TRACE] [REI] [REIServerPlugin START] Reloading Section: "post-register/DefaultPluginImpl of DefaultPluginImpl [roughlyenoughitems]/"
[01:15:28] [main/TRACE] [REI] [REIServerPlugin START] Reloading Section: "post-register/DefaultPluginImpl of DefaultPluginImpl [roughlyenoughitems]/" done in 46.11 μs
[01:15:28] [main/TRACE] [REI] [REIServerPlugin START] Reloading Section: "post-register/DefaultRuntimePlugin of DefaultRuntimePlugin [roughlyenoughitems]/"
[01:15:28] [main/TRACE] [REI] [REIServerPlugin START] Reloading Section: "post-register/DefaultRuntimePlugin of DefaultRuntimePlugin [roughlyenoughitems]/" done in 51.74 μs
[01:15:28] [main/TRACE] [REI] [REIServerPlugin START] Reloading Section: "post-register/" done in 352.8 μs
[01:15:28] [main/TRACE] [REI] [REIServerPlugin START] Reloading Section: "post-stage/"
[01:15:28] [main/TRACE] [REI] [REIServerPlugin START] Reloading Section: "post-stage/MenuInfoRegistryImpl/"
[01:15:28] [main/TRACE] [REI] [REIServerPlugin START] Reloading Section: "post-stage/MenuInfoRegistryImpl/" done in 31.83 μs
[01:15:28] [main/TRACE] [REI] [REIServerPlugin START] Reloading Section: "post-stage/SlotAccessorRegistryImpl/"
[01:15:28] [main/TRACE] [REI] [REIServerPlugin START] Reloading Section: "post-stage/SlotAccessorRegistryImpl/" done in 55.60 μs
[01:15:28] [main/TRACE] [REI] [REIServerPlugin START] Reloading Section: "post-stage/" done in 241.0 μs
[01:15:28] [main/DEBUG] [REI] ========================================
[01:15:28] [main/INFO] [REI] REIServerPlugin finished post-reload for START in 712.0 μs, totaling 4.747 ms.
[01:15:28] [main/DEBUG] [REI] ========================================
[01:15:28] [main/DEBUG] [REI] ========================================
[01:15:28] [main/DEBUG] [REI] REIPlugin starting pre-reload for END.
[01:15:28] [main/DEBUG] [REI] Reloadables (7):
[01:15:28] [main/DEBUG] [REI]  - EntryTypeRegistryImpl
[01:15:28] [main/DEBUG] [REI]  - EntrySettingsAdapterRegistryImpl
[01:15:28] [main/DEBUG] [REI]  - RecipeManagerContextImpl
[01:15:28] [main/DEBUG] [REI]  - ItemComparatorRegistryImpl
[01:15:28] [main/DEBUG] [REI]  - FluidComparatorRegistryImpl
[01:15:28] [main/DEBUG] [REI]  - DisplaySerializerRegistryImpl
[01:15:28] [main/DEBUG] [REI]  - FluidSupportProviderImpl
[01:15:28] [main/DEBUG] [REI] Plugins (2):
[01:15:28] [main/DEBUG] [REI]  - (-100.00) DefaultPluginImpl of DefaultPluginImpl [roughlyenoughitems]
[01:15:28] [main/DEBUG] [REI]  - (0.00) DefaultRuntimePlugin of DefaultRuntimePlugin [roughlyenoughitems]
[01:15:28] [main/DEBUG] [REI] ========================================
[01:15:28] [main/TRACE] [REI] [REIPlugin END] Reloading Section: "pre-register/"
[01:15:28] [main/TRACE] [REI] [REIPlugin END] Reloading Section: "pre-register/DefaultPluginImpl of DefaultPluginImpl [roughlyenoughitems]/"
[01:15:28] [main/TRACE] [REI] [REIPlugin END] Reloading Section: "pre-register/DefaultPluginImpl of DefaultPluginImpl [roughlyenoughitems]/" done in 35.44 μs
[01:15:28] [main/TRACE] [REI] [REIPlugin END] Reloading Section: "pre-register/DefaultRuntimePlugin of DefaultRuntimePlugin [roughlyenoughitems]/"
[01:15:28] [main/TRACE] [REI] [REIPlugin END] Reloading Section: "pre-register/DefaultRuntimePlugin of DefaultRuntimePlugin [roughlyenoughitems]/" done in 36.94 μs
[01:15:28] [main/TRACE] [REI] [REIPlugin END] Reloading Section: "pre-register/" done in 251.8 μs
[01:15:28] [main/TRACE] [REI] [REIPlugin END] Reloading Section: "pre-stage/"
[01:15:28] [main/TRACE] [REI] [REIPlugin END] Reloading Section: "pre-stage/EntryTypeRegistryImpl/"
[01:15:28] [main/TRACE] [REI] [REIPlugin END] Reloading Section: "pre-stage/EntryTypeRegistryImpl/" done in 31.66 μs
[01:15:28] [main/TRACE] [REI] [REIPlugin END] Reloading Section: "pre-stage/EntrySettingsAdapterRegistryImpl/"
[01:15:28] [main/TRACE] [REI] [REIPlugin END] Reloading Section: "pre-stage/EntrySettingsAdapterRegistryImpl/" done in 34.07 μs
[01:15:28] [main/TRACE] [REI] [REIPlugin END] Reloading Section: "pre-stage/RecipeManagerContextImpl/"
[01:15:28] [main/TRACE] [REI] [REIPlugin END] Reloading Section: "pre-stage/RecipeManagerContextImpl/" done in 45.16 μs
[01:15:28] [main/TRACE] [REI] [REIPlugin END] Reloading Section: "pre-stage/ItemComparatorRegistryImpl/"
[01:15:28] [main/TRACE] [REI] [REIPlugin END] Reloading Section: "pre-stage/ItemComparatorRegistryImpl/" done in 41.67 μs
[01:15:28] [main/TRACE] [REI] [REIPlugin END] Reloading Section: "pre-stage/FluidComparatorRegistryImpl/"
[01:15:28] [main/TRACE] [REI] [REIPlugin END] Reloading Section: "pre-stage/FluidComparatorRegistryImpl/" done in 41.16 μs
[01:15:28] [main/TRACE] [REI] [REIPlugin END] Reloading Section: "pre-stage/DisplaySerializerRegistryImpl/"
[01:15:28] [main/TRACE] [REI] [REIPlugin END] Reloading Section: "pre-stage/DisplaySerializerRegistryImpl/" done in 47.90 μs
[01:15:28] [main/TRACE] [REI] [REIPlugin END] Reloading Section: "pre-stage/FluidSupportProviderImpl/"
[01:15:28] [main/TRACE] [REI] [REIPlugin END] Reloading Section: "pre-stage/FluidSupportProviderImpl/" done in 56.49 μs
[01:15:28] [main/TRACE] [REI] [REIPlugin END] Reloading Section: "pre-stage/" done in 868.6 μs
[01:15:28] [main/DEBUG] [REI] ========================================
[01:15:28] [main/DEBUG] [REI] REIPlugin finished pre-reload for END in 1.236 ms.
[01:15:28] [main/DEBUG] [REI] ========================================
[01:15:28] [main/DEBUG] [REI] ========================================
[01:15:28] [main/DEBUG] [REI] REIServerPlugin starting pre-reload for END.
[01:15:28] [main/DEBUG] [REI] Reloadables (2):
[01:15:28] [main/DEBUG] [REI]  - MenuInfoRegistryImpl
[01:15:28] [main/DEBUG] [REI]  - SlotAccessorRegistryImpl
[01:15:28] [main/DEBUG] [REI] Plugins (2):
[01:15:28] [main/DEBUG] [REI]  - (-100.00) DefaultPluginImpl of DefaultPluginImpl [roughlyenoughitems]
[01:15:28] [main/DEBUG] [REI]  - (0.00) DefaultRuntimePlugin of DefaultRuntimePlugin [roughlyenoughitems]
[01:15:28] [main/DEBUG] [REI] ========================================
[01:15:28] [main/TRACE] [REI] [REIServerPlugin END] Reloading Section: "pre-register/"
[01:15:28] [main/TRACE] [REI] [REIServerPlugin END] Reloading Section: "pre-register/DefaultPluginImpl of DefaultPluginImpl [roughlyenoughitems]/"
[01:15:28] [main/TRACE] [REI] [REIServerPlugin END] Reloading Section: "pre-register/DefaultPluginImpl of DefaultPluginImpl [roughlyenoughitems]/" done in 34.50 μs
[01:15:28] [main/TRACE] [REI] [REIServerPlugin END] Reloading Section: "pre-register/DefaultRuntimePlugin of DefaultRuntimePlugin [roughlyenoughitems]/"
[01:15:28] [main/TRACE] [REI] [REIServerPlugin END] Reloading Section: "pre-register/DefaultRuntimePlugin of DefaultRuntimePlugin [roughlyenoughitems]/" done in 36.77 μs
[01:15:28] [main/TRACE] [REI] [REIServerPlugin END] Reloading Section: "pre-register/" done in 241.5 μs
[01:15:28] [main/TRACE] [REI] [REIServerPlugin END] Reloading Section: "pre-stage/"
[01:15:28] [main/TRACE] [REI] [REIServerPlugin END] Reloading Section: "pre-stage/MenuInfoRegistryImpl/"
[01:15:28] [main/TRACE] [REI] [REIServerPlugin END] Reloading Section: "pre-stage/MenuInfoRegistryImpl/" done in 45.39 μs
[01:15:28] [main/TRACE] [REI] [REIServerPlugin END] Reloading Section: "pre-stage/SlotAccessorRegistryImpl/"
[01:15:28] [main/TRACE] [REI] [REIServerPlugin END] Reloading Section: "pre-stage/SlotAccessorRegistryImpl/" done in 44.98 μs
[01:15:28] [main/TRACE] [REI] [REIServerPlugin END] Reloading Section: "pre-stage/" done in 287.9 μs
[01:15:28] [main/DEBUG] [REI] ========================================
[01:15:28] [main/DEBUG] [REI] REIServerPlugin finished pre-reload for END in 641.8 μs.
[01:15:28] [main/DEBUG] [REI] ========================================
[01:15:28] [main/INFO] [REI] @@@@@@@@@@@@@@@@@@@@@@@@@@@@@@@@@@@@@@@@
[01:15:28] [main/INFO] [REI] REIPlugin starting main-reload for END.
[01:15:28] [main/DEBUG] [REI] Reloadables (7):
[01:15:28] [main/DEBUG] [REI]  - EntryTypeRegistryImpl
[01:15:28] [main/DEBUG] [REI]  - EntrySettingsAdapterRegistryImpl
[01:15:28] [main/DEBUG] [REI]  - RecipeManagerContextImpl
[01:15:28] [main/DEBUG] [REI]  - ItemComparatorRegistryImpl
[01:15:28] [main/DEBUG] [REI]  - FluidComparatorRegistryImpl
[01:15:28] [main/DEBUG] [REI]  - DisplaySerializerRegistryImpl
[01:15:28] [main/DEBUG] [REI]  - FluidSupportProviderImpl
[01:15:28] [main/INFO] [REI] Plugins (2):
[01:15:28] [main/INFO] [REI]  - (-100.00) DefaultPluginImpl of DefaultPluginImpl [roughlyenoughitems]
[01:15:28] [main/INFO] [REI]  - (0.00) DefaultRuntimePlugin of DefaultRuntimePlugin [roughlyenoughitems]
[01:15:28] [main/INFO] [REI] @@@@@@@@@@@@@@@@@@@@@@@@@@@@@@@@@@@@@@@@
[01:15:28] [main/TRACE] [REI] [REIPlugin END] Reloading Section: "start-reload/"
[01:15:28] [main/TRACE] [REI] [REIPlugin END] Reloading Section: "start-reload/EntryTypeRegistryImpl/"
[01:15:28] [main/TRACE] [REI] [REIPlugin END] Reloading Section: "start-reload/EntryTypeRegistryImpl/" done in 49.24 μs
[01:15:28] [main/TRACE] [REI] [REIPlugin END] Reloading Section: "start-reload/EntrySettingsAdapterRegistryImpl/"
[01:15:28] [main/TRACE] [REI] [REIPlugin END] Reloading Section: "start-reload/EntrySettingsAdapterRegistryImpl/" done in 54.83 μs
[01:15:28] [main/TRACE] [REI] [REIPlugin END] Reloading Section: "start-reload/RecipeManagerContextImpl/"
[01:15:28] [main/TRACE] [REI] [REIPlugin END] Reloading Section: "start-reload/RecipeManagerContextImpl/" done in 42.53 μs
[01:15:28] [main/TRACE] [REI] [REIPlugin END] Reloading Section: "start-reload/ItemComparatorRegistryImpl/"
[01:15:28] [main/TRACE] [REI] [REIPlugin END] Reloading Section: "start-reload/ItemComparatorRegistryImpl/" done in 41.98 μs
[01:15:28] [main/TRACE] [REI] [REIPlugin END] Reloading Section: "start-reload/FluidComparatorRegistryImpl/"
[01:15:28] [main/TRACE] [REI] [REIPlugin END] Reloading Section: "start-reload/FluidComparatorRegistryImpl/" done in 76.05 μs
[01:15:28] [main/TRACE] [REI] [REIPlugin END] Reloading Section: "start-reload/DisplaySerializerRegistryImpl/"
[01:15:28] [main/TRACE] [REI] [REIPlugin END] Reloading Section: "start-reload/DisplaySerializerRegistryImpl/" done in 54.70 μs
[01:15:28] [main/TRACE] [REI] [REIPlugin END] Reloading Section: "start-reload/FluidSupportProviderImpl/"
[01:15:28] [main/TRACE] [REI] [REIPlugin END] Reloading Section: "start-reload/FluidSupportProviderImpl/" done in 44.45 μs
[01:15:28] [main/TRACE] [REI] [REIPlugin END] Reloading Section: "start-reload/" done in 989.9 μs
[01:15:28] [main/DEBUG] [REI] ========================================
[01:15:28] [main/DEBUG] [REI] REIPlugin started main-reload for END.
[01:15:28] [main/DEBUG] [REI] ========================================
[01:15:28] [main/TRACE] [REI] [REIPlugin END] Reloading Section: "reloadable-plugin/EntryTypeRegistryImpl/"
[01:15:28] [main/TRACE] [REI] [REIPlugin END] Reloading Section: "reloadable-plugin/EntryTypeRegistryImpl/DefaultPluginImpl of DefaultPluginImpl [roughlyenoughitems]/"
[01:15:28] [main/TRACE] [REI] [REIPlugin END] Reloading Section: "reloadable-plugin/EntryTypeRegistryImpl/DefaultPluginImpl of DefaultPluginImpl [roughlyenoughitems]/" done in 55.34 μs
[01:15:28] [main/TRACE] [REI] [REIPlugin END] Reloading Section: "reloadable-plugin/EntryTypeRegistryImpl/DefaultRuntimePlugin of DefaultRuntimePlugin [roughlyenoughitems]/"
[01:15:28] [main/TRACE] [REI] [REIPlugin END] Reloading Section: "reloadable-plugin/EntryTypeRegistryImpl/DefaultRuntimePlugin of DefaultRuntimePlugin [roughlyenoughitems]/" done in 52.03 μs
[01:15:28] [main/TRACE] [REI] [REIPlugin END] Reloading Section: "reloadable-plugin/EntryTypeRegistryImpl/" done in 333.9 μs
[01:15:28] [main/TRACE] [REI] [REIPlugin END] Reloading Section: "reloadable-plugin/EntrySettingsAdapterRegistryImpl/"
[01:15:28] [main/TRACE] [REI] [REIPlugin END] Reloading Section: "reloadable-plugin/EntrySettingsAdapterRegistryImpl/DefaultPluginImpl of DefaultPluginImpl [roughlyenoughitems]/"
[01:15:28] [main/TRACE] [REI] [REIPlugin END] Reloading Section: "reloadable-plugin/EntrySettingsAdapterRegistryImpl/DefaultPluginImpl of DefaultPluginImpl [roughlyenoughitems]/" done in 55.75 μs
[01:15:28] [main/TRACE] [REI] [REIPlugin END] Reloading Section: "reloadable-plugin/EntrySettingsAdapterRegistryImpl/DefaultRuntimePlugin of DefaultRuntimePlugin [roughlyenoughitems]/"
[01:15:28] [main/TRACE] [REI] [REIPlugin END] Reloading Section: "reloadable-plugin/EntrySettingsAdapterRegistryImpl/DefaultRuntimePlugin of DefaultRuntimePlugin [roughlyenoughitems]/" done in 62.07 μs
[01:15:28] [main/TRACE] [REI] [REIPlugin END] Reloading Section: "reloadable-plugin/EntrySettingsAdapterRegistryImpl/" done in 325.0 μs
[01:15:28] [main/TRACE] [REI] [REIPlugin END] Reloading Section: "reloadable-plugin/RecipeManagerContextImpl/"
[01:15:28] [main/TRACE] [REI] [REIPlugin END] Reloading Section: "reloadable-plugin/RecipeManagerContextImpl/DefaultPluginImpl of DefaultPluginImpl [roughlyenoughitems]/"
[01:15:28] [main/TRACE] [REI] [REIPlugin END] Reloading Section: "reloadable-plugin/RecipeManagerContextImpl/DefaultPluginImpl of DefaultPluginImpl [roughlyenoughitems]/" done in 51.46 μs
[01:15:28] [main/TRACE] [REI] [REIPlugin END] Reloading Section: "reloadable-plugin/RecipeManagerContextImpl/DefaultRuntimePlugin of DefaultRuntimePlugin [roughlyenoughitems]/"
[01:15:28] [main/TRACE] [REI] [REIPlugin END] Reloading Section: "reloadable-plugin/RecipeManagerContextImpl/DefaultRuntimePlugin of DefaultRuntimePlugin [roughlyenoughitems]/" done in 50.06 μs
[01:15:28] [main/TRACE] [REI] [REIPlugin END] Reloading Section: "reloadable-plugin/RecipeManagerContextImpl/" done in 323.2 μs
[01:15:28] [main/TRACE] [REI] [REIPlugin END] Reloading Section: "reloadable-plugin/ItemComparatorRegistryImpl/"
[01:15:28] [main/TRACE] [REI] [REIPlugin END] Reloading Section: "reloadable-plugin/ItemComparatorRegistryImpl/DefaultPluginImpl of DefaultPluginImpl [roughlyenoughitems]/"
[01:15:28] [main/TRACE] [REI] [REIPlugin END] Reloading Section: "reloadable-plugin/ItemComparatorRegistryImpl/DefaultPluginImpl of DefaultPluginImpl [roughlyenoughitems]/" done in 39.98 μs
[01:15:28] [main/TRACE] [REI] [REIPlugin END] Reloading Section: "reloadable-plugin/ItemComparatorRegistryImpl/DefaultRuntimePlugin of DefaultRuntimePlugin [roughlyenoughitems]/"
[01:15:28] [main/TRACE] [REI] [REIPlugin END] Reloading Section: "reloadable-plugin/ItemComparatorRegistryImpl/DefaultRuntimePlugin of DefaultRuntimePlugin [roughlyenoughitems]/" done in 50.35 μs
[01:15:28] [main/TRACE] [REI] [REIPlugin END] Reloading Section: "reloadable-plugin/ItemComparatorRegistryImpl/" done in 375.5 μs
[01:15:28] [main/TRACE] [REI] [REIPlugin END] Reloading Section: "reloadable-plugin/FluidComparatorRegistryImpl/"
[01:15:28] [main/TRACE] [REI] [REIPlugin END] Reloading Section: "reloadable-plugin/FluidComparatorRegistryImpl/DefaultPluginImpl of DefaultPluginImpl [roughlyenoughitems]/"
[01:15:28] [main/TRACE] [REI] [REIPlugin END] Reloading Section: "reloadable-plugin/FluidComparatorRegistryImpl/DefaultPluginImpl of DefaultPluginImpl [roughlyenoughitems]/" done in 46.38 μs
[01:15:28] [main/TRACE] [REI] [REIPlugin END] Reloading Section: "reloadable-plugin/FluidComparatorRegistryImpl/DefaultRuntimePlugin of DefaultRuntimePlugin [roughlyenoughitems]/"
[01:15:28] [main/TRACE] [REI] [REIPlugin END] Reloading Section: "reloadable-plugin/FluidComparatorRegistryImpl/DefaultRuntimePlugin of DefaultRuntimePlugin [roughlyenoughitems]/" done in 51.71 μs
[01:15:28] [main/TRACE] [REI] [REIPlugin END] Reloading Section: "reloadable-plugin/FluidComparatorRegistryImpl/" done in 336.5 μs
[01:15:28] [main/TRACE] [REI] [REIPlugin END] Reloading Section: "reloadable-plugin/DisplaySerializerRegistryImpl/"
[01:15:28] [main/TRACE] [REI] [REIPlugin END] Reloading Section: "reloadable-plugin/DisplaySerializerRegistryImpl/DefaultPluginImpl of DefaultPluginImpl [roughlyenoughitems]/"
[01:15:28] [main/TRACE] [REI] [REIPlugin END] Reloading Section: "reloadable-plugin/DisplaySerializerRegistryImpl/DefaultPluginImpl of DefaultPluginImpl [roughlyenoughitems]/" done in 14.17 ms
[01:15:28] [main/TRACE] [REI] [REIPlugin END] Reloading Section: "reloadable-plugin/DisplaySerializerRegistryImpl/DefaultRuntimePlugin of DefaultRuntimePlugin [roughlyenoughitems]/"
[01:15:28] [main/TRACE] [REI] [REIPlugin END] Reloading Section: "reloadable-plugin/DisplaySerializerRegistryImpl/DefaultRuntimePlugin of DefaultRuntimePlugin [roughlyenoughitems]/" done in 52.05 μs
[01:15:28] [main/TRACE] [REI] [REIPlugin END] Reloading Section: "reloadable-plugin/DisplaySerializerRegistryImpl/" done in 14.48 ms
[01:15:28] [main/TRACE] [REI] [REIPlugin END] Reloading Section: "reloadable-plugin/FluidSupportProviderImpl/"
[01:15:28] [main/TRACE] [REI] [REIPlugin END] Reloading Section: "reloadable-plugin/FluidSupportProviderImpl/DefaultPluginImpl of DefaultPluginImpl [roughlyenoughitems]/"
[01:15:28] [main/TRACE] [REI] [REIPlugin END] Reloading Section: "reloadable-plugin/FluidSupportProviderImpl/DefaultPluginImpl of DefaultPluginImpl [roughlyenoughitems]/" done in 39.66 μs
[01:15:28] [main/TRACE] [REI] [REIPlugin END] Reloading Section: "reloadable-plugin/FluidSupportProviderImpl/DefaultRuntimePlugin of DefaultRuntimePlugin [roughlyenoughitems]/"
[01:15:28] [main/TRACE] [REI] [REIPlugin END] Reloading Section: "reloadable-plugin/FluidSupportProviderImpl/DefaultRuntimePlugin of DefaultRuntimePlugin [roughlyenoughitems]/" done in 57.25 μs
[01:15:28] [main/TRACE] [REI] [REIPlugin END] Reloading Section: "reloadable-plugin/FluidSupportProviderImpl/" done in 295.8 μs
[01:15:28] [main/DEBUG] [REI] ========================================
[01:15:28] [main/DEBUG] [REI] REIPlugin ending main-reload for END.
[01:15:28] [main/DEBUG] [REI] ========================================
[01:15:28] [main/TRACE] [REI] [REIPlugin END] Reloading Section: "end-reload/"
[01:15:28] [main/TRACE] [REI] [REIPlugin END] Reloading Section: "end-reload/EntryTypeRegistryImpl/"
[01:15:28] [main/TRACE] [REI] [REIPlugin END] Reloading Section: "end-reload/EntryTypeRegistryImpl/" done in 39.85 μs
[01:15:28] [main/TRACE] [REI] [REIPlugin END] Reloading Section: "end-reload/EntrySettingsAdapterRegistryImpl/"
[01:15:28] [main/TRACE] [REI] [REIPlugin END] Reloading Section: "end-reload/EntrySettingsAdapterRegistryImpl/" done in 37.06 μs
[01:15:28] [main/TRACE] [REI] [REIPlugin END] Reloading Section: "end-reload/RecipeManagerContextImpl/"
[01:15:28] [main/TRACE] [REI] [REIPlugin END] Reloading Section: "end-reload/RecipeManagerContextImpl/" done in 37.83 μs
[01:15:28] [main/TRACE] [REI] [REIPlugin END] Reloading Section: "end-reload/ItemComparatorRegistryImpl/"
[01:15:28] [main/TRACE] [REI] [REIPlugin END] Reloading Section: "end-reload/ItemComparatorRegistryImpl/" done in 33.72 μs
[01:15:28] [main/TRACE] [REI] [REIPlugin END] Reloading Section: "end-reload/FluidComparatorRegistryImpl/"
[01:15:28] [main/TRACE] [REI] [REIPlugin END] Reloading Section: "end-reload/FluidComparatorRegistryImpl/" done in 32.69 μs
[01:15:28] [main/TRACE] [REI] [REIPlugin END] Reloading Section: "end-reload/DisplaySerializerRegistryImpl/"
[01:15:28] [main/TRACE] [REI] [REIPlugin END] Reloading Section: "end-reload/DisplaySerializerRegistryImpl/" done in 34.24 μs
[01:15:28] [main/TRACE] [REI] [REIPlugin END] Reloading Section: "end-reload/FluidSupportProviderImpl/"
[01:15:28] [main/TRACE] [REI] [REIPlugin END] Reloading Section: "end-reload/FluidSupportProviderImpl/" done in 33.28 μs
[01:15:28] [main/TRACE] [REI] [REIPlugin END] Reloading Section: "end-reload/" done in 720.1 μs
[01:15:28] [main/DEBUG] [REI] ========================================
[01:15:28] [main/DEBUG] [REI] REIPlugin ended main-reload for END in 20.97 ms.
[01:15:28] [main/DEBUG] [REI] ========================================
[01:15:28] [main/INFO] [REI] OOOOOOOOOOOOOOOOOOOOOOOOOOOOOOOOOOOOOOOO
[01:15:28] [main/INFO] [REI] REIServerPlugin starting main-reload for END.
[01:15:28] [main/DEBUG] [REI] Reloadables (2):
[01:15:28] [main/DEBUG] [REI]  - MenuInfoRegistryImpl
[01:15:28] [main/DEBUG] [REI]  - SlotAccessorRegistryImpl
[01:15:28] [main/INFO] [REI] Plugins (2):
[01:15:28] [main/INFO] [REI]  - (-100.00) DefaultPluginImpl of DefaultPluginImpl [roughlyenoughitems]
[01:15:28] [main/INFO] [REI]  - (0.00) DefaultRuntimePlugin of DefaultRuntimePlugin [roughlyenoughitems]
[01:15:28] [main/INFO] [REI] OOOOOOOOOOOOOOOOOOOOOOOOOOOOOOOOOOOOOOOO
[01:15:28] [main/TRACE] [REI] [REIServerPlugin END] Reloading Section: "start-reload/"
[01:15:28] [main/TRACE] [REI] [REIServerPlugin END] Reloading Section: "start-reload/MenuInfoRegistryImpl/"
[01:15:28] [main/TRACE] [REI] [REIServerPlugin END] Reloading Section: "start-reload/MenuInfoRegistryImpl/" done in 49.62 μs
[01:15:28] [main/TRACE] [REI] [REIServerPlugin END] Reloading Section: "start-reload/SlotAccessorRegistryImpl/"
[01:15:28] [main/TRACE] [REI] [REIServerPlugin END] Reloading Section: "start-reload/SlotAccessorRegistryImpl/" done in 43.49 μs
[01:15:28] [main/TRACE] [REI] [REIServerPlugin END] Reloading Section: "start-reload/" done in 280.8 μs
[01:15:28] [main/DEBUG] [REI] ========================================
[01:15:28] [main/DEBUG] [REI] REIServerPlugin started main-reload for END.
[01:15:28] [main/DEBUG] [REI] ========================================
[01:15:28] [main/TRACE] [REI] [REIServerPlugin END] Reloading Section: "reloadable-plugin/MenuInfoRegistryImpl/"
[01:15:28] [main/TRACE] [REI] [REIServerPlugin END] Reloading Section: "reloadable-plugin/MenuInfoRegistryImpl/DefaultPluginImpl of DefaultPluginImpl [roughlyenoughitems]/"
[01:15:28] [main/TRACE] [REI] [REIServerPlugin END] Reloading Section: "reloadable-plugin/MenuInfoRegistryImpl/DefaultPluginImpl of DefaultPluginImpl [roughlyenoughitems]/" done in 46.87 μs
[01:15:28] [main/TRACE] [REI] [REIServerPlugin END] Reloading Section: "reloadable-plugin/MenuInfoRegistryImpl/DefaultRuntimePlugin of DefaultRuntimePlugin [roughlyenoughitems]/"
[01:15:28] [main/TRACE] [REI] [REIServerPlugin END] Reloading Section: "reloadable-plugin/MenuInfoRegistryImpl/DefaultRuntimePlugin of DefaultRuntimePlugin [roughlyenoughitems]/" done in 36.48 μs
[01:15:28] [main/TRACE] [REI] [REIServerPlugin END] Reloading Section: "reloadable-plugin/MenuInfoRegistryImpl/" done in 237.7 μs
[01:15:28] [main/TRACE] [REI] [REIServerPlugin END] Reloading Section: "reloadable-plugin/SlotAccessorRegistryImpl/"
[01:15:28] [main/TRACE] [REI] [REIServerPlugin END] Reloading Section: "reloadable-plugin/SlotAccessorRegistryImpl/DefaultPluginImpl of DefaultPluginImpl [roughlyenoughitems]/"
[01:15:28] [main/TRACE] [REI] [REIServerPlugin END] Reloading Section: "reloadable-plugin/SlotAccessorRegistryImpl/DefaultPluginImpl of DefaultPluginImpl [roughlyenoughitems]/" done in 43.95 μs
[01:15:28] [main/TRACE] [REI] [REIServerPlugin END] Reloading Section: "reloadable-plugin/SlotAccessorRegistryImpl/DefaultRuntimePlugin of DefaultRuntimePlugin [roughlyenoughitems]/"
[01:15:28] [main/DEBUG] [REI] Added slot accessor serializer: me.shedaniel.rei.plugin.common.runtime.DefaultRuntimePlugin$1@37fb1ed5 [roughlyenoughitems:vanilla]
[01:15:28] [main/DEBUG] [REI] Added slot accessor serializer: me.shedaniel.rei.plugin.common.runtime.DefaultRuntimePlugin$2@12fa1dc5 [roughlyenoughitems:player]
[01:15:28] [main/TRACE] [REI] [REIServerPlugin END] Reloading Section: "reloadable-plugin/SlotAccessorRegistryImpl/DefaultRuntimePlugin of DefaultRuntimePlugin [roughlyenoughitems]/" done in 1.299 ms
[01:15:28] [main/TRACE] [REI] [REIServerPlugin END] Reloading Section: "reloadable-plugin/SlotAccessorRegistryImpl/" done in 1.501 ms
[01:15:28] [main/DEBUG] [REI] ========================================
[01:15:28] [main/DEBUG] [REI] REIServerPlugin ending main-reload for END.
[01:15:28] [main/DEBUG] [REI] ========================================
[01:15:28] [main/TRACE] [REI] [REIServerPlugin END] Reloading Section: "end-reload/"
[01:15:28] [main/TRACE] [REI] [REIServerPlugin END] Reloading Section: "end-reload/MenuInfoRegistryImpl/"
[01:15:28] [main/DEBUG] [REI] Registered 0 menu infos
[01:15:28] [main/TRACE] [REI] [REIServerPlugin END] Reloading Section: "end-reload/MenuInfoRegistryImpl/" done in 140.4 μs
[01:15:28] [main/TRACE] [REI] [REIServerPlugin END] Reloading Section: "end-reload/SlotAccessorRegistryImpl/"
[01:15:28] [main/DEBUG] [REI] Registered 2 slot accessor serializers
[01:15:28] [main/TRACE] [REI] [REIServerPlugin END] Reloading Section: "end-reload/SlotAccessorRegistryImpl/" done in 132.0 μs
[01:15:28] [main/TRACE] [REI] [REIServerPlugin END] Reloading Section: "end-reload/" done in 474.5 μs
[01:15:28] [main/DEBUG] [REI] ========================================
[01:15:28] [main/DEBUG] [REI] REIServerPlugin ended main-reload for END in 4.272 ms.
[01:15:28] [main/DEBUG] [REI] ========================================
[01:15:28] [main/DEBUG] [REI] ========================================
[01:15:28] [main/DEBUG] [REI] REIPlugin starting post-reload for END.
[01:15:28] [main/DEBUG] [REI] Reloadables (7):
[01:15:28] [main/DEBUG] [REI]  - EntryTypeRegistryImpl
[01:15:28] [main/DEBUG] [REI]  - EntrySettingsAdapterRegistryImpl
[01:15:28] [main/DEBUG] [REI]  - RecipeManagerContextImpl
[01:15:28] [main/DEBUG] [REI]  - ItemComparatorRegistryImpl
[01:15:28] [main/DEBUG] [REI]  - FluidComparatorRegistryImpl
[01:15:28] [main/DEBUG] [REI]  - DisplaySerializerRegistryImpl
[01:15:28] [main/DEBUG] [REI]  - FluidSupportProviderImpl
[01:15:28] [main/DEBUG] [REI] Plugins (2):
[01:15:28] [main/DEBUG] [REI]  - (-100.00) DefaultPluginImpl of DefaultPluginImpl [roughlyenoughitems]
[01:15:28] [main/DEBUG] [REI]  - (0.00) DefaultRuntimePlugin of DefaultRuntimePlugin [roughlyenoughitems]
[01:15:28] [main/DEBUG] [REI] ========================================
[01:15:28] [main/TRACE] [REI] [REIPlugin END] Reloading Section: "post-register/"
[01:15:28] [main/TRACE] [REI] [REIPlugin END] Reloading Section: "post-register/DefaultPluginImpl of DefaultPluginImpl [roughlyenoughitems]/"
[01:15:28] [main/TRACE] [REI] [REIPlugin END] Reloading Section: "post-register/DefaultPluginImpl of DefaultPluginImpl [roughlyenoughitems]/" done in 44.68 μs
[01:15:28] [main/TRACE] [REI] [REIPlugin END] Reloading Section: "post-register/DefaultRuntimePlugin of DefaultRuntimePlugin [roughlyenoughitems]/"
[01:15:28] [main/TRACE] [REI] [REIPlugin END] Reloading Section: "post-register/DefaultRuntimePlugin of DefaultRuntimePlugin [roughlyenoughitems]/" done in 66.36 μs
[01:15:28] [main/TRACE] [REI] [REIPlugin END] Reloading Section: "post-register/" done in 381.9 μs
[01:15:28] [main/TRACE] [REI] [REIPlugin END] Reloading Section: "post-stage/"
[01:15:28] [main/TRACE] [REI] [REIPlugin END] Reloading Section: "post-stage/EntryTypeRegistryImpl/"
[01:15:28] [main/TRACE] [REI] [REIPlugin END] Reloading Section: "post-stage/EntryTypeRegistryImpl/" done in 49.47 μs
[01:15:28] [main/TRACE] [REI] [REIPlugin END] Reloading Section: "post-stage/EntrySettingsAdapterRegistryImpl/"
[01:15:28] [main/TRACE] [REI] [REIPlugin END] Reloading Section: "post-stage/EntrySettingsAdapterRegistryImpl/" done in 42.28 μs
[01:15:28] [main/TRACE] [REI] [REIPlugin END] Reloading Section: "post-stage/RecipeManagerContextImpl/"
[01:15:28] [main/TRACE] [REI] [REIPlugin END] Reloading Section: "post-stage/RecipeManagerContextImpl/" done in 38.98 μs
[01:15:28] [main/TRACE] [REI] [REIPlugin END] Reloading Section: "post-stage/ItemComparatorRegistryImpl/"
[01:15:28] [main/TRACE] [REI] [REIPlugin END] Reloading Section: "post-stage/ItemComparatorRegistryImpl/" done in 42.59 μs
[01:15:28] [main/TRACE] [REI] [REIPlugin END] Reloading Section: "post-stage/FluidComparatorRegistryImpl/"
[01:15:28] [main/TRACE] [REI] [REIPlugin END] Reloading Section: "post-stage/FluidComparatorRegistryImpl/" done in 99.98 μs
[01:15:28] [main/TRACE] [REI] [REIPlugin END] Reloading Section: "post-stage/DisplaySerializerRegistryImpl/"
[01:15:28] [main/TRACE] [REI] [REIPlugin END] Reloading Section: "post-stage/DisplaySerializerRegistryImpl/" done in 170.2 μs
[01:15:28] [main/TRACE] [REI] [REIPlugin END] Reloading Section: "post-stage/FluidSupportProviderImpl/"
[01:15:28] [main/TRACE] [REI] [REIPlugin END] Reloading Section: "post-stage/FluidSupportProviderImpl/" done in 72.21 μs
[01:15:28] [main/TRACE] [REI] [REIPlugin END] Reloading Section: "post-stage/" done in 1.202 ms
[01:15:28] [main/DEBUG] [REI] ========================================
[01:15:28] [main/INFO] [REI] REIPlugin finished post-reload for END in 1.742 ms, totaling 23.89 ms.
[01:15:28] [main/DEBUG] [REI] ========================================
[01:15:28] [main/DEBUG] [REI] ========================================
[01:15:28] [main/DEBUG] [REI] REIServerPlugin starting post-reload for END.
[01:15:28] [main/DEBUG] [REI] Reloadables (2):
[01:15:28] [main/DEBUG] [REI]  - MenuInfoRegistryImpl
[01:15:28] [main/DEBUG] [REI]  - SlotAccessorRegistryImpl
[01:15:28] [main/DEBUG] [REI] Plugins (2):
[01:15:28] [main/DEBUG] [REI]  - (-100.00) DefaultPluginImpl of DefaultPluginImpl [roughlyenoughitems]
[01:15:28] [main/DEBUG] [REI]  - (0.00) DefaultRuntimePlugin of DefaultRuntimePlugin [roughlyenoughitems]
[01:15:28] [main/DEBUG] [REI] ========================================
[01:15:28] [main/TRACE] [REI] [REIServerPlugin END] Reloading Section: "post-register/"
[01:15:28] [main/TRACE] [REI] [REIServerPlugin END] Reloading Section: "post-register/DefaultPluginImpl of DefaultPluginImpl [roughlyenoughitems]/"
[01:15:28] [main/TRACE] [REI] [REIServerPlugin END] Reloading Section: "post-register/DefaultPluginImpl of DefaultPluginImpl [roughlyenoughitems]/" done in 39.11 μs
[01:15:28] [main/TRACE] [REI] [REIServerPlugin END] Reloading Section: "post-register/DefaultRuntimePlugin of DefaultRuntimePlugin [roughlyenoughitems]/"
[01:15:28] [main/TRACE] [REI] [REIServerPlugin END] Reloading Section: "post-register/DefaultRuntimePlugin of DefaultRuntimePlugin [roughlyenoughitems]/" done in 36.81 μs
[01:15:28] [main/TRACE] [REI] [REIServerPlugin END] Reloading Section: "post-register/" done in 279.6 μs
[01:15:28] [main/TRACE] [REI] [REIServerPlugin END] Reloading Section: "post-stage/"
[01:15:28] [main/TRACE] [REI] [REIServerPlugin END] Reloading Section: "post-stage/MenuInfoRegistryImpl/"
[01:15:28] [main/TRACE] [REI] [REIServerPlugin END] Reloading Section: "post-stage/MenuInfoRegistryImpl/" done in 32.67 μs
[01:15:28] [main/TRACE] [REI] [REIServerPlugin END] Reloading Section: "post-stage/SlotAccessorRegistryImpl/"
[01:15:28] [main/TRACE] [REI] [REIServerPlugin END] Reloading Section: "post-stage/SlotAccessorRegistryImpl/" done in 34.78 μs
[01:15:28] [main/TRACE] [REI] [REIServerPlugin END] Reloading Section: "post-stage/" done in 209.3 μs
[01:15:28] [main/DEBUG] [REI] ========================================
[01:15:28] [main/INFO] [REI] REIServerPlugin finished post-reload for END in 585.6 μs, totaling 5.444 ms.
[01:15:28] [main/DEBUG] [REI] ========================================
